Usage: streamlit [OPTIONS] COMMAND [ARGS]...
Try 'streamlit --help' for help.

Error: No such command 'app/main_interface.py'.

Collecting usage statistics. To deactivate, set browser.gatherUsageStats to false.


  You can now view your Streamlit app in your browser.

  Local URL: http://localhost:8501
  Network URL: http://10.0.0.2:8501
  External URL: http://149.88.71.148:8501

Loading FAISS index from ./faiss_index.idx...
FAISS index loaded successfully with 959 entries.
ID map loaded successfully.
Connecting to Redis for app...
Redis connection successful for app.
Searching for top 20 articles related to: '精细化丈量生活，是否导致我们遗忘了生活本身？'
Retrieved FAISS indices: [940 951 585 905 526  25 932 816 868 503 573 726 572   1 862 519 122  74
 233 112]
Mapped article IDs: ['bjnews_1694149463169785', 'bjnews_1697358593168535', 'bjnews_1658636866169561', 'bjnews_1679367515169084', 'bjnews_1741161361168358', 'bjnews_1649736496168341', 'bjnews_164774618214957', 'bjnews_161525783515777', 'bjnews_161992388715553', 'bjnews_1691550900169080', 'bjnews_1717918495168976', 'bjnews_1663302962168528', 'bjnews_163686008514585', 'bjnews_1653277788169053', 'bjnews_1706593734169125', 'bjnews_1673762465169591', 'bjnews_164783127714542', 'bjnews_1733109643168880', 'bjnews_165932090914656', 'bjnews_162079173614224']
Search completed in 1.16 seconds. Found 20 results.
Searching for top 5 articles related to: '营养师精确计算每餐的卡路里，运动手环监测着每一次心跳呼吸，有人担忧:我们越来越习惯用精细化的标尺丈量生活，却往往遗忘了生活本身。'
Retrieved FAISS indices: [940 868 526 112 882]
Mapped article IDs: ['bjnews_1694149463169785', 'bjnews_161992388715553', 'bjnews_1741161361168358', 'bjnews_162079173614224', 'bjnews_1719736649168007']
Search completed in 1.38 seconds. Found 5 results.
Searching for top 5 articles related to: '人工智能'
Retrieved FAISS indices: [339 952 372 421 525]
Mapped article IDs: ['bjnews_1741146221168343', 'bjnews_1740904669168109', 'bjnews_1741242585168460', 'bjnews_1692582538169624', 'bjnews_1740904735168110']
Search completed in 1.08 seconds. Found 5 results.
  Stopping...

Collecting usage statistics. To deactivate, set browser.gatherUsageStats to false.


  You can now view your Streamlit app in your browser.

  Local URL: http://localhost:8501
  Network URL: http://10.0.0.2:8501
  External URL: http://149.88.71.148:8501

Loading FAISS index from ./faiss_index.idx...
FAISS index loaded successfully with 959 entries.
ID map loaded successfully.
Connecting to Redis for app...
Redis connection successful for app.
Searching for top 5 articles related to: '人工智能'
Retrieved FAISS indices: [339 952 372 421 525]
Mapped article IDs: ['bjnews_1741146221168343', 'bjnews_1740904669168109', 'bjnews_1741242585168460', 'bjnews_1692582538169624', 'bjnews_1740904735168110']
Search completed in 1.11 seconds. Found 5 results.
Searching for top 5 articles related to: '好奇是人类探索未知世界的唯一原因吗'
Retrieved FAISS indices: [312 783 818 671 204]
Mapped article IDs: ['bjnews_1703411348169025', 'bjnews_161145756315789', 'bjnews_1662616181169445', 'bjnews_1703411368169026', 'bjnews_1721960160168443']
Search completed in 4.27 seconds. Found 5 results.
Searching for top 5 articles related to: '人工智能'
Retrieved FAISS indices: [339 952 372 421 525]
Mapped article IDs: ['bjnews_1741146221168343', 'bjnews_1740904669168109', 'bjnews_1741242585168460', 'bjnews_1692582538169624', 'bjnews_1740904735168110']
Search completed in 1.19 seconds. Found 5 results.
  Stopping...

Collecting usage statistics. To deactivate, set browser.gatherUsageStats to false.


  You can now view your Streamlit app in your browser.

  Local URL: http://localhost:8501
  Network URL: http://10.0.0.2:8501
  External URL: http://149.88.71.148:8501

  Stopping...

Collecting usage statistics. To deactivate, set browser.gatherUsageStats to false.


  You can now view your Streamlit app in your browser.

  Local URL: http://localhost:8501
  Network URL: http://10.0.0.2:8501
  External URL: http://149.88.71.148:8501

Loading FAISS index from ./faiss_index.idx...
FAISS index loaded successfully with 959 entries.
ID map loaded successfully.
Connecting to Redis for app...
Redis connection successful for app.
Searching for top 5 articles related to: '一个人乐意去探索陌生世界，仅仅是因为好奇心吗？'
Retrieved FAISS indices: [783  54 312 485 354]
Mapped article IDs: ['bjnews_161145756315789', 'bjnews_1730620699168238', 'bjnews_1703411348169025', 'bjnews_164169835914835', 'bjnews_163573646114580']
Search completed in 1.09 seconds. Found 5 results.
Searching for top 5 articles related to: '如果我拉出的屎都变成等重量的金条，会怎样？'
Retrieved FAISS indices: [865 448 833 656 579]
Mapped article IDs: ['bjnews_1694936847168036', 'bjnews_1652587999169758', 'bjnews_1648202214169773', 'bjnews_164835054914906', 'bjnews_1723972404168616']
Search completed in 1.25 seconds. Found 5 results.
  Stopping...

Collecting usage statistics. To deactivate, set browser.gatherUsageStats to false.


  You can now view your Streamlit app in your browser.

  Local URL: http://localhost:8501
  Network URL: http://10.0.0.2:8501
  External URL: http://149.88.71.148:8501

Loading FAISS index from ./faiss_index.idx...
FAISS index loaded successfully with 959 entries.
ID map loaded successfully.
Connecting to Redis for app...
Redis connection successful for app.
Searching for top 5 articles related to: '如果我拉出的屎都变成等重量的金条，会怎样？'
Retrieved FAISS indices: [865 448 833 656 579]
Mapped article IDs: ['bjnews_1694936847168036', 'bjnews_1652587999169758', 'bjnews_1648202214169773', 'bjnews_164835054914906', 'bjnews_1723972404168616']
Search completed in 1.20 seconds. Found 5 results.
2025-04-20 11:23:31.351 Received event for non-watched file: /root/essayhelper/app/main_interface.py
2025-04-20 11:23:37.408 Received event for non-watched file: /root/essayhelper/app/main_interface.py
2025-04-20 11:23:42.398 Received event for non-watched file: /root/essayhelper/app/main_interface.py
Searching for top 5 articles related to: '如果我拉出的屎都变成等重量的金条，会怎样？'
Retrieved FAISS indices: [865 448 833 656 579]
Mapped article IDs: ['bjnews_1694936847168036', 'bjnews_1652587999169758', 'bjnews_1648202214169773', 'bjnews_164835054914906', 'bjnews_1723972404168616']
Search completed in 1.21 seconds. Found 5 results.
2025-04-20 11:27:44.444 Received event for non-watched file: /root/essayhelper/app/main_interface.py
2025-04-20 11:30:16.276 Received event for non-watched file: /root/essayhelper/app/main_interface.py
Searching for top 5 articles related to: '如果我拉出的屎都变成等重量的金条，会怎样？'
Retrieved FAISS indices: [865 448 833 656 579]
Mapped article IDs: ['bjnews_1694936847168036', 'bjnews_1652587999169758', 'bjnews_1648202214169773', 'bjnews_164835054914906', 'bjnews_1723972404168616']
Search completed in 4.34 seconds. Found 5 results.
Searching for top 5 articles related to: '如果我拉出的屎都变成等重量的金条，会怎样？'
Retrieved FAISS indices: [865 448 833 656 579]
Mapped article IDs: ['bjnews_1694936847168036', 'bjnews_1652587999169758', 'bjnews_1648202214169773', 'bjnews_164835054914906', 'bjnews_1723972404168616']
Search completed in 1.24 seconds. Found 5 results.
2025-04-20 11:35:01.353 Received event for non-watched file: /root/essayhelper/app/main_interface.py
Searching for top 5 articles related to: '如果我拉出的屎都变成等重量的金条，会怎样？'
Retrieved FAISS indices: [865 448 833 656 579]
Mapped article IDs: ['bjnews_1694936847168036', 'bjnews_1652587999169758', 'bjnews_1648202214169773', 'bjnews_164835054914906', 'bjnews_1723972404168616']
Search completed in 1.57 seconds. Found 5 results.
2025-04-20 11:37:44.899 Received event for non-watched file: /root/essayhelper/app/main_interface.py
2025-04-20 11:37:44.902 Received event for non-watched file: /root/essayhelper/app/main_interface.py
Searching for top 5 articles related to: '如果我拉出的屎都变成等重量的金条，会怎样？'
Retrieved FAISS indices: [865 448 833 656 579]
Mapped article IDs: ['bjnews_1694936847168036', 'bjnews_1652587999169758', 'bjnews_1648202214169773', 'bjnews_164835054914906', 'bjnews_1723972404168616']
Search completed in 1.28 seconds. Found 5 results.
Searching for top 5 articles related to: '人工智能'
Retrieved FAISS indices: [339 952 372 421 525]
Mapped article IDs: ['bjnews_1741146221168343', 'bjnews_1740904669168109', 'bjnews_1741242585168460', 'bjnews_1692582538169624', 'bjnews_1740904735168110']
Search completed in 1.08 seconds. Found 5 results.
2025-04-20 11:44:33.745 Received event for non-watched file: /root/essayhelper/app/main_interface.py
2025-04-20 11:45:25.138 Received event for non-watched file: /root/essayhelper/app/main_interface.py
2025-04-20 11:45:28.215 Received event for non-watched file: /root/essayhelper/app/main_interface.py
Searching for top 5 articles related to: '人工智能'
Retrieved FAISS indices: [339 952 372 421 525]
Mapped article IDs: ['bjnews_1741146221168343', 'bjnews_1740904669168109', 'bjnews_1741242585168460', 'bjnews_1692582538169624', 'bjnews_1740904735168110']
Search completed in 1.31 seconds. Found 5 results.
2025-04-20 11:47:54.883 Received event for non-watched file: /root/essayhelper/app/main_interface.py
2025-04-20 11:47:54.884 Received event for non-watched file: /root/essayhelper/app/main_interface.py
Searching for top 5 articles related to: '人工智能'
Retrieved FAISS indices: [339 952 372 421 525]
Mapped article IDs: ['bjnews_1741146221168343', 'bjnews_1740904669168109', 'bjnews_1741242585168460', 'bjnews_1692582538169624', 'bjnews_1740904735168110']
Search completed in 4.71 seconds. Found 5 results.
Searching for top 5 articles related to: '人工智能'
Retrieved FAISS indices: [339 952 372 421 525]
Mapped article IDs: ['bjnews_1741146221168343', 'bjnews_1740904669168109', 'bjnews_1741242585168460', 'bjnews_1692582538169624', 'bjnews_1740904735168110']
Search completed in 1.18 seconds. Found 5 results.
2025-04-20 11:51:43.768 Received event for non-watched file: /root/essayhelper/app/main_interface.py
2025-04-20 11:51:43.771 Received event for non-watched file: /root/essayhelper/app/main_interface.py
2025-04-20 11:52:27.290 Session with id 30091ba9-5c59-4062-9747-3a26be9f8c06 is already connected! Connecting to a new session.
Searching for top 5 articles related to: '人工智能'
Retrieved FAISS indices: [339 952 372 421 525]
Mapped article IDs: ['bjnews_1741146221168343', 'bjnews_1740904669168109', 'bjnews_1741242585168460', 'bjnews_1692582538169624', 'bjnews_1740904735168110']
Search completed in 1.27 seconds. Found 5 results.
Searching for top 5 articles related to: '如果我拉出的屎都变成等重量的金条，会怎样？'
Retrieved FAISS indices: [865 448 833 656 579]
Mapped article IDs: ['bjnews_1694936847168036', 'bjnews_1652587999169758', 'bjnews_1648202214169773', 'bjnews_164835054914906', 'bjnews_1723972404168616']
Search completed in 0.85 seconds. Found 5 results.
